<?xml version="1.0" encoding="UTF-8"?>
<coverage generated="1600250817074" clover="3.2.0">
  <project timestamp="1600250817074" name="All files">
    <metrics statements="198" coveredstatements="35" conditionals="55" coveredconditionals="3" methods="105" coveredmethods="2" elements="358" coveredelements="40" complexity="0" loc="198" ncloc="198" packages="10" files="54" classes="54"/>
    <package name="ExponentAlerts">
      <metrics statements="1" coveredstatements="1" conditionals="0" coveredconditionals="0" methods="1" coveredmethods="1"/>
      <file name="App.js" path="C:\Users\App.js">
        <metrics statements="1" coveredstatements="1" conditionals="0" coveredconditionals="0" methods="1" coveredmethods="1"/>
        <line num="8" count="1" type="stmt"/>
      </file>
    </package>
  </project>
</coverage>
